<?xml version="1.0" encoding="UTF-8"?>
<Site BuildName="Win32-mingw32-make"
	BuildStamp="20211120-2044-Experimental"
	Name="EM10"
	Generator="ctest-3.22.0"
	CompilerName="C:/msys64/mingw64/bin/g++.exe"
	CompilerVersion="11.2.0"
	OSName="Windows"
	Hostname="EM10"
	OSRelease=" Professional"
	OSVersion=" (Build 18362)"
	OSPlatform="AMD64"
	Is64Bits="1"
	VendorString="GenuineIntel"
	VendorID="Intel Corporation"
	FamilyID="6"
	ModelID="14"
	ProcessorCacheSize="-1"
	NumberOfLogicalCPU="4"
	NumberOfPhysicalCPU="2"
	TotalVirtualMemory="14473"
	TotalPhysicalMemory="8088"
	LogicalProcessorsPerPhysical="2"
	ProcessorClockFrequency="2304"
	>
	<Testing>
		<StartDateTime>Nov 20 21:44 W. Central Africa Standard Time</StartDateTime>
		<StartTestTime>1637441084</StartTestTime>
		<TestList/>
		<EndDateTime>Nov 20 21:44 W. Central Africa Standard Time</EndDateTime>
		<EndTestTime>1637441084</EndTestTime>
		<ElapsedMinutes>0</ElapsedMinutes>
	</Testing>
</Site>
